#test
2018-01-26 14:48:00,542 INFO:[ReturnDataPrep:get_reg_mo_lst:56] Failed to get the regression month list
2018-01-26 14:49:32,632 INFO:[ReturnDataPrep:get_reg_mo_lst:56] Failed to get the regression month list
2018-01-26 14:50:10,987 INFO:[ReturnDataPrep:get_reg_mo_lst:56] Failed to get the regression month list
2018-01-26 14:53:33,027 INFO:[ReturnDataPrep:get_reg_mo_lst:52] Succeed in getting the regression month list
2018-01-26 15:14:02,902 INFO:[ReturnDataPrep:get_reg_mo_lst:52] Succeed in getting the regression month list
2018-01-26 15:14:20,817 ERROR:[MiscDataPrep:get_m_stock_level_disp:44] Failed to get monthly stock-level dispersion
2018-01-26 15:17:31,859 ERROR:[MiscDataPrep:get_m_stock_level_disp:44] Failed to get monthly stock-level dispersion
2018-01-26 15:17:45,495 INFO:[ReturnDataPrep:get_reg_mo_lst:52] Succeed in getting the regression month list
2018-01-26 15:17:48,840 INFO:[MiscDataPrep:get_m_stock_level_disp:41] Succeed in getting monthly stock-level dispersion
2018-01-26 15:18:03,718 ERROR:[MiscDataPrep:get_monthly_mkt_cap:66] Failed to get monthly market capitalization
2018-01-26 15:19:16,717 INFO:[ReturnDataPrep:get_reg_mo_lst:52] Succeed in getting the regression month list
2018-01-26 15:19:19,627 ERROR:[MiscDataPrep:get_monthly_mkt_cap:66] Failed to get monthly market capitalization
2018-01-26 15:23:27,664 INFO:[ReturnDataPrep:get_reg_mo_lst:52] Succeed in getting the regression month list
2018-01-26 15:23:40,896 INFO:[MiscDataPrep:get_monthly_vol:84] Succeed in monthly stock return volatility
2018-01-26 15:24:40,589 INFO:[MiscDataPrep:get_smb_hml_umd:112] Succeed in getting monthly SMB, HML, UMD portfolio returns
2018-01-26 15:52:34,079 INFO:[ReturnDataPrep:get_Rf_wo_wknds:109] Failed to get risk free return
2018-01-26 15:52:34,080 INFO:[ReturnDataPrep:get_E_Ri_wo_wknds:127] Failed to get excess stock return
2018-01-26 15:52:46,709 INFO:[ReturnDataPrep:get_symbols_lst:35] Succeed in getting the symbol list
2018-01-26 15:52:50,140 INFO:[ReturnDataPrep:get_reg_mo_lst:52] Succeed in getting the regression month list
2018-01-26 15:53:00,515 INFO:[ReturnDataPrep:get_Rf_wo_wknds:102] Succeed in getting the risk free return
2018-01-26 15:53:02,115 INFO:[ReturnDataPrep:get_Ri_wo_wknds:65] Succeed in getting the stock return
2018-01-26 15:53:02,412 INFO:[ReturnDataPrep:get_E_Ri_wo_wknds:124] Succeed in getting excess stock return
2018-01-26 15:53:11,741 INFO:[ReturnDataPrep:get_Rf_wo_wknds:102] Succeed in getting the risk free return
2018-01-26 15:53:11,746 INFO:[ReturnDataPrep:get_Rm_wo_wknds:83] Succeed in getting market return
2018-01-26 15:53:11,749 INFO:[ReturnDataPrep:get_E_Rm_wo_wknds:140] Succeed in getting excess market return
2018-01-27 07:26:56,219 INFO:[ReturnDataPrep:get_reg_mo_lst:52] Succeed in getting the regression month list
2018-01-27 07:27:04,827 INFO:[MiscDataPrep:get_CP_CD_spread:171] Succeed in getting monthly CP CD spread
2018-01-27 19:54:56,490 INFO:[ReturnDataPrep:get_Rf_wo_wknds:109] Failed to get risk free return
2018-01-27 19:54:56,491 INFO:[ReturnDataPrep:get_E_Rm_wo_wknds:143] Failed to get excess market return
2018-01-27 19:56:14,596 INFO:[ReturnDataPrep:get_reg_mo_lst:53] Succeed in getting the regression month list
2018-01-27 19:56:36,628 INFO:[ReturnDataPrep:get_reg_mo_lst:53] Succeed in getting the regression month list
2018-01-27 19:57:31,496 INFO:[ReturnDataPrep:get_reg_mo_lst:53] Succeed in getting the regression month list
2018-01-27 19:57:31,501 INFO:[ReturnDataPrep:get_Rf_wo_wknds:103] Succeed in getting the risk free return
2018-01-27 19:57:31,505 INFO:[ReturnDataPrep:get_Rm_wo_wknds:84] Succeed in getting market return
2018-01-27 19:57:31,507 INFO:[ReturnDataPrep:get_E_Rm_wo_wknds:141] Succeed in getting excess market return
2018-01-28 15:28:13,071 INFO:[ReturnDataPrep:get_reg_mo_lst:54] Succeed in getting the regression month list
2018-01-28 15:28:13,333 INFO:[ReturnDataPrep:get_symbols_lst:37] Succeed in getting the symbol list
2018-01-28 15:28:13,338 INFO:[ReturnDataPrep:get_Rf_wo_wknds:104] Succeed in getting the risk free return
2018-01-28 15:28:13,342 INFO:[ReturnDataPrep:get_Rm_wo_wknds:85] Succeed in getting market return
2018-01-28 15:28:13,344 INFO:[ReturnDataPrep:get_E_Rm_wo_wknds:142] Succeed in getting excess market return
2018-01-28 15:28:13,349 INFO:[ReturnDataPrep:get_Rf_wo_wknds:104] Succeed in getting the risk free return
2018-01-28 15:28:14,984 INFO:[ReturnDataPrep:get_Ri_wo_wknds:67] Succeed in getting the stock return
2018-01-28 15:28:15,290 INFO:[ReturnDataPrep:get_E_Ri_wo_wknds:126] Succeed in getting excess stock return
2018-01-28 15:31:26,304 INFO:[ReturnDataPrep:get_reg_mo_lst:54] Succeed in getting the regression month list
2018-01-28 15:31:26,551 INFO:[ReturnDataPrep:get_symbols_lst:37] Succeed in getting the symbol list
2018-01-28 15:31:26,556 INFO:[ReturnDataPrep:get_reg_mo_lst:54] Succeed in getting the regression month list
2018-01-28 15:31:26,758 INFO:[ReturnDataPrep:get_symbols_lst:37] Succeed in getting the symbol list
2018-01-28 15:31:26,763 INFO:[ReturnDataPrep:get_reg_mo_lst:54] Succeed in getting the regression month list
2018-01-28 15:31:26,768 INFO:[ReturnDataPrep:get_Rf_wo_wknds:104] Succeed in getting the risk free return
2018-01-28 15:31:28,390 INFO:[ReturnDataPrep:get_Ri_wo_wknds:67] Succeed in getting the stock return
2018-01-28 15:31:28,685 INFO:[ReturnDataPrep:get_E_Ri_wo_wknds:126] Succeed in getting excess stock return
2018-01-28 15:31:28,690 INFO:[ReturnDataPrep:get_Rf_wo_wknds:104] Succeed in getting the risk free return
2018-01-28 15:31:28,694 INFO:[ReturnDataPrep:get_Rm_wo_wknds:85] Succeed in getting market return
2018-01-28 15:31:28,695 INFO:[ReturnDataPrep:get_E_Rm_wo_wknds:142] Succeed in getting excess market return
2018-01-28 15:31:28,728 INFO:[MiscDataPrep:get_m_stock_level_disp:39] Succeed in getting monthly stock-level dispersion
2018-01-28 15:31:29,099 INFO:[MiscDataPrep:get_monthly_mkt_cap:59] Succeed in getting monthly market capitalization
2018-01-28 15:31:31,393 INFO:[MiscDataPrep:get_monthly_vol:79] Succeed in monthly stock return volatility
2018-01-28 15:32:12,616 INFO:[ReturnDataPrep:get_reg_mo_lst:54] Succeed in getting the regression month list
2018-01-28 15:32:12,837 INFO:[ReturnDataPrep:get_symbols_lst:37] Succeed in getting the symbol list
2018-01-28 15:32:12,842 INFO:[ReturnDataPrep:get_Rf_wo_wknds:104] Succeed in getting the risk free return
2018-01-28 15:32:12,846 INFO:[ReturnDataPrep:get_Rm_wo_wknds:85] Succeed in getting market return
2018-01-28 15:32:12,848 INFO:[ReturnDataPrep:get_E_Rm_wo_wknds:142] Succeed in getting excess market return
2018-01-28 15:32:12,853 INFO:[ReturnDataPrep:get_Rf_wo_wknds:104] Succeed in getting the risk free return
2018-01-28 15:32:14,486 INFO:[ReturnDataPrep:get_Ri_wo_wknds:67] Succeed in getting the stock return
2018-01-28 15:32:14,776 INFO:[ReturnDataPrep:get_E_Ri_wo_wknds:126] Succeed in getting excess stock return
2018-01-28 16:31:22,797 INFO:[ReturnDataPrep:get_reg_mo_lst:54] Succeed in getting the regression month list
2018-01-28 16:31:23,048 INFO:[ReturnDataPrep:get_symbols_lst:37] Succeed in getting the symbol list
2018-01-28 16:31:23,053 INFO:[ReturnDataPrep:get_reg_mo_lst:54] Succeed in getting the regression month list
2018-01-28 16:31:23,256 INFO:[ReturnDataPrep:get_symbols_lst:37] Succeed in getting the symbol list
2018-01-28 16:31:23,261 INFO:[ReturnDataPrep:get_reg_mo_lst:54] Succeed in getting the regression month list
2018-01-28 16:31:23,266 INFO:[ReturnDataPrep:get_Rf_wo_wknds:104] Succeed in getting the risk free return
2018-01-28 16:31:23,271 INFO:[ReturnDataPrep:get_Rm_wo_wknds:85] Succeed in getting market return
2018-01-28 16:31:23,272 INFO:[ReturnDataPrep:get_E_Rm_wo_wknds:142] Succeed in getting excess market return
2018-01-28 16:31:23,277 INFO:[ReturnDataPrep:get_Rf_wo_wknds:104] Succeed in getting the risk free return
2018-01-28 16:31:24,926 INFO:[ReturnDataPrep:get_Ri_wo_wknds:67] Succeed in getting the stock return
2018-01-28 16:31:25,227 INFO:[ReturnDataPrep:get_E_Ri_wo_wknds:126] Succeed in getting excess stock return
2018-01-28 16:31:25,256 INFO:[MiscDataPrep:get_m_stock_level_disp:39] Succeed in getting monthly stock-level dispersion
2018-01-28 16:31:25,631 INFO:[MiscDataPrep:get_monthly_mkt_cap:59] Succeed in getting monthly market capitalization
2018-01-28 16:31:27,976 INFO:[MiscDataPrep:get_monthly_vol:79] Succeed in monthly stock return volatility
2018-01-28 16:34:59,898 INFO:[ReturnDataPrep:get_reg_mo_lst:54] Succeed in getting the regression month list
2018-01-28 16:35:00,116 INFO:[ReturnDataPrep:get_symbols_lst:37] Succeed in getting the symbol list
2018-01-28 16:35:00,122 INFO:[ReturnDataPrep:get_reg_mo_lst:54] Succeed in getting the regression month list
2018-01-28 16:35:00,355 INFO:[ReturnDataPrep:get_symbols_lst:37] Succeed in getting the symbol list
2018-01-28 16:35:00,360 INFO:[ReturnDataPrep:get_reg_mo_lst:54] Succeed in getting the regression month list
2018-01-28 16:35:00,365 INFO:[ReturnDataPrep:get_Rf_wo_wknds:104] Succeed in getting the risk free return
2018-01-28 16:35:00,370 INFO:[ReturnDataPrep:get_Rm_wo_wknds:85] Succeed in getting market return
2018-01-28 16:35:00,371 INFO:[ReturnDataPrep:get_E_Rm_wo_wknds:142] Succeed in getting excess market return
2018-01-28 16:35:00,376 INFO:[ReturnDataPrep:get_Rf_wo_wknds:104] Succeed in getting the risk free return
2018-01-28 16:35:02,030 INFO:[ReturnDataPrep:get_Ri_wo_wknds:67] Succeed in getting the stock return
2018-01-28 16:35:02,337 INFO:[ReturnDataPrep:get_E_Ri_wo_wknds:126] Succeed in getting excess stock return
2018-01-28 16:35:02,369 INFO:[MiscDataPrep:get_m_stock_level_disp:39] Succeed in getting monthly stock-level dispersion
2018-01-28 16:35:02,737 INFO:[MiscDataPrep:get_monthly_mkt_cap:59] Succeed in getting monthly market capitalization
2018-01-28 16:35:05,051 INFO:[MiscDataPrep:get_monthly_vol:79] Succeed in monthly stock return volatility
2018-01-29 09:56:57,636 INFO:[ReturnDataPrep:get_reg_mo_lst:54] Succeed in getting the regression month list
2018-01-29 09:56:57,898 INFO:[ReturnDataPrep:get_symbols_lst:37] Succeed in getting the symbol list
2018-01-29 09:56:57,904 INFO:[ReturnDataPrep:get_reg_mo_lst:54] Succeed in getting the regression month list
2018-01-29 09:56:58,104 INFO:[ReturnDataPrep:get_symbols_lst:37] Succeed in getting the symbol list
2018-01-29 09:56:58,110 INFO:[ReturnDataPrep:get_reg_mo_lst:54] Succeed in getting the regression month list
2018-01-29 09:56:58,114 INFO:[ReturnDataPrep:get_Rf_wo_wknds:104] Succeed in getting the risk free return
2018-01-29 09:56:58,120 INFO:[ReturnDataPrep:get_Rm_wo_wknds:85] Succeed in getting market return
2018-01-29 09:56:58,122 INFO:[ReturnDataPrep:get_E_Rm_wo_wknds:142] Succeed in getting excess market return
2018-01-29 09:56:58,127 INFO:[ReturnDataPrep:get_Rf_wo_wknds:104] Succeed in getting the risk free return
2018-01-29 09:56:59,747 INFO:[ReturnDataPrep:get_Ri_wo_wknds:67] Succeed in getting the stock return
2018-01-29 09:57:00,048 INFO:[ReturnDataPrep:get_E_Ri_wo_wknds:126] Succeed in getting excess stock return
2018-01-29 09:57:00,082 INFO:[MiscDataPrep:get_m_stock_level_disp:39] Succeed in getting monthly stock-level dispersion
2018-01-29 09:57:00,446 INFO:[MiscDataPrep:get_monthly_mkt_cap:59] Succeed in getting monthly market capitalization
2018-01-29 09:57:02,718 INFO:[MiscDataPrep:get_monthly_vol:79] Succeed in monthly stock return volatility
2018-01-29 09:59:31,597 INFO:[ReturnDataPrep:get_reg_mo_lst:54] Succeed in getting the regression month list
2018-01-29 09:59:31,809 INFO:[ReturnDataPrep:get_symbols_lst:37] Succeed in getting the symbol list
2018-01-29 09:59:31,814 INFO:[ReturnDataPrep:get_reg_mo_lst:54] Succeed in getting the regression month list
2018-01-29 09:59:32,006 INFO:[ReturnDataPrep:get_symbols_lst:37] Succeed in getting the symbol list
2018-01-29 09:59:32,012 INFO:[ReturnDataPrep:get_reg_mo_lst:54] Succeed in getting the regression month list
2018-01-29 09:59:32,017 INFO:[ReturnDataPrep:get_Rf_wo_wknds:104] Succeed in getting the risk free return
2018-01-29 09:59:32,021 INFO:[ReturnDataPrep:get_Rm_wo_wknds:85] Succeed in getting market return
2018-01-29 09:59:32,023 INFO:[ReturnDataPrep:get_E_Rm_wo_wknds:142] Succeed in getting excess market return
2018-01-29 09:59:32,027 INFO:[ReturnDataPrep:get_Rf_wo_wknds:104] Succeed in getting the risk free return
2018-01-29 09:59:33,632 INFO:[ReturnDataPrep:get_Ri_wo_wknds:67] Succeed in getting the stock return
2018-01-29 09:59:33,925 INFO:[ReturnDataPrep:get_E_Ri_wo_wknds:126] Succeed in getting excess stock return
2018-01-29 09:59:33,957 INFO:[MiscDataPrep:get_m_stock_level_disp:39] Succeed in getting monthly stock-level dispersion
2018-01-29 09:59:34,314 INFO:[MiscDataPrep:get_monthly_mkt_cap:59] Succeed in getting monthly market capitalization
2018-01-29 09:59:36,569 INFO:[MiscDataPrep:get_monthly_vol:79] Succeed in monthly stock return volatility
2018-01-29 10:08:30,939 INFO:[ReturnDataPrep:get_reg_mo_lst:54] Succeed in getting the regression month list
2018-01-29 10:08:31,147 INFO:[ReturnDataPrep:get_symbols_lst:37] Succeed in getting the symbol list
2018-01-29 10:08:31,152 INFO:[ReturnDataPrep:get_reg_mo_lst:54] Succeed in getting the regression month list
2018-01-29 10:08:31,358 INFO:[ReturnDataPrep:get_symbols_lst:37] Succeed in getting the symbol list
2018-01-29 10:08:31,364 INFO:[ReturnDataPrep:get_reg_mo_lst:54] Succeed in getting the regression month list
2018-01-29 10:08:31,368 INFO:[ReturnDataPrep:get_Rf_wo_wknds:104] Succeed in getting the risk free return
2018-01-29 10:08:31,374 INFO:[ReturnDataPrep:get_Rm_wo_wknds:85] Succeed in getting market return
2018-01-29 10:08:31,376 INFO:[ReturnDataPrep:get_E_Rm_wo_wknds:142] Succeed in getting excess market return
2018-01-29 10:08:31,382 INFO:[ReturnDataPrep:get_Rf_wo_wknds:104] Succeed in getting the risk free return
2018-01-29 10:08:32,971 INFO:[ReturnDataPrep:get_Ri_wo_wknds:67] Succeed in getting the stock return
2018-01-29 10:08:33,273 INFO:[ReturnDataPrep:get_E_Ri_wo_wknds:126] Succeed in getting excess stock return
2018-01-29 10:08:33,307 INFO:[MiscDataPrep:get_m_stock_level_disp:39] Succeed in getting monthly stock-level dispersion
2018-01-29 10:08:33,667 INFO:[MiscDataPrep:get_monthly_mkt_cap:59] Succeed in getting monthly market capitalization
2018-01-29 10:08:35,896 INFO:[MiscDataPrep:get_monthly_vol:79] Succeed in monthly stock return volatility
2018-01-29 10:16:12,468 INFO:[ReturnDataPrep:get_reg_mo_lst:54] Succeed in getting the regression month list
2018-01-29 10:16:12,665 INFO:[ReturnDataPrep:get_symbols_lst:37] Succeed in getting the symbol list
2018-01-29 10:16:12,671 INFO:[ReturnDataPrep:get_reg_mo_lst:54] Succeed in getting the regression month list
2018-01-29 10:16:12,869 INFO:[ReturnDataPrep:get_symbols_lst:37] Succeed in getting the symbol list
2018-01-29 10:16:12,874 INFO:[ReturnDataPrep:get_reg_mo_lst:54] Succeed in getting the regression month list
2018-01-29 10:16:12,879 INFO:[ReturnDataPrep:get_Rf_wo_wknds:104] Succeed in getting the risk free return
2018-01-29 10:16:12,885 INFO:[ReturnDataPrep:get_Rm_wo_wknds:85] Succeed in getting market return
2018-01-29 10:16:12,886 INFO:[ReturnDataPrep:get_E_Rm_wo_wknds:142] Succeed in getting excess market return
2018-01-29 10:16:12,891 INFO:[ReturnDataPrep:get_Rf_wo_wknds:104] Succeed in getting the risk free return
2018-01-29 10:16:14,473 INFO:[ReturnDataPrep:get_Ri_wo_wknds:67] Succeed in getting the stock return
2018-01-29 10:16:14,768 INFO:[ReturnDataPrep:get_E_Ri_wo_wknds:126] Succeed in getting excess stock return
2018-01-29 10:16:14,801 INFO:[MiscDataPrep:get_m_stock_level_disp:39] Succeed in getting monthly stock-level dispersion
2018-01-29 10:16:15,170 INFO:[MiscDataPrep:get_monthly_mkt_cap:59] Succeed in getting monthly market capitalization
2018-01-29 10:16:17,428 INFO:[MiscDataPrep:get_monthly_vol:79] Succeed in monthly stock return volatility
2018-01-29 10:31:17,410 INFO:[ReturnDataPrep:get_reg_mo_lst:54] Succeed in getting the regression month list
2018-01-29 10:31:17,605 INFO:[ReturnDataPrep:get_symbols_lst:37] Succeed in getting the symbol list
2018-01-29 10:31:17,611 INFO:[ReturnDataPrep:get_reg_mo_lst:54] Succeed in getting the regression month list
2018-01-29 10:31:17,806 INFO:[ReturnDataPrep:get_symbols_lst:37] Succeed in getting the symbol list
2018-01-29 10:31:17,811 INFO:[ReturnDataPrep:get_reg_mo_lst:54] Succeed in getting the regression month list
2018-01-29 10:31:17,816 INFO:[ReturnDataPrep:get_Rf_wo_wknds:104] Succeed in getting the risk free return
2018-01-29 10:31:17,820 INFO:[ReturnDataPrep:get_Rm_wo_wknds:85] Succeed in getting market return
2018-01-29 10:31:17,822 INFO:[ReturnDataPrep:get_E_Rm_wo_wknds:142] Succeed in getting excess market return
2018-01-29 10:31:17,827 INFO:[ReturnDataPrep:get_Rf_wo_wknds:104] Succeed in getting the risk free return
2018-01-29 10:31:19,446 INFO:[ReturnDataPrep:get_Ri_wo_wknds:67] Succeed in getting the stock return
2018-01-29 10:31:19,742 INFO:[ReturnDataPrep:get_E_Ri_wo_wknds:126] Succeed in getting excess stock return
2018-01-29 10:31:19,772 INFO:[MiscDataPrep:get_m_stock_level_disp:39] Succeed in getting monthly stock-level dispersion
2018-01-29 10:31:20,128 INFO:[MiscDataPrep:get_monthly_mkt_cap:59] Succeed in getting monthly market capitalization
2018-01-29 10:31:22,374 INFO:[MiscDataPrep:get_monthly_vol:79] Succeed in monthly stock return volatility
2018-01-29 10:37:00,016 INFO:[ReturnDataPrep:get_reg_mo_lst:54] Succeed in getting the regression month list
2018-01-29 10:37:00,226 INFO:[ReturnDataPrep:get_symbols_lst:37] Succeed in getting the symbol list
2018-01-29 10:37:00,231 INFO:[ReturnDataPrep:get_reg_mo_lst:54] Succeed in getting the regression month list
2018-01-29 10:37:00,442 INFO:[ReturnDataPrep:get_symbols_lst:37] Succeed in getting the symbol list
2018-01-29 10:37:00,448 INFO:[ReturnDataPrep:get_reg_mo_lst:54] Succeed in getting the regression month list
2018-01-29 10:37:00,455 INFO:[ReturnDataPrep:get_Rf_wo_wknds:104] Succeed in getting the risk free return
2018-01-29 10:37:00,459 INFO:[ReturnDataPrep:get_Rm_wo_wknds:85] Succeed in getting market return
2018-01-29 10:37:00,461 INFO:[ReturnDataPrep:get_E_Rm_wo_wknds:142] Succeed in getting excess market return
2018-01-29 10:37:00,465 INFO:[ReturnDataPrep:get_Rf_wo_wknds:104] Succeed in getting the risk free return
2018-01-29 10:37:02,151 INFO:[ReturnDataPrep:get_Ri_wo_wknds:67] Succeed in getting the stock return
2018-01-29 10:37:02,666 INFO:[ReturnDataPrep:get_E_Ri_wo_wknds:126] Succeed in getting excess stock return
2018-01-29 10:37:02,719 INFO:[MiscDataPrep:get_m_stock_level_disp:39] Succeed in getting monthly stock-level dispersion
2018-01-29 10:37:03,136 INFO:[MiscDataPrep:get_monthly_mkt_cap:59] Succeed in getting monthly market capitalization
2018-01-29 10:37:05,568 INFO:[MiscDataPrep:get_monthly_vol:79] Succeed in monthly stock return volatility
2018-01-29 10:38:19,822 INFO:[ReturnDataPrep:get_reg_mo_lst:54] Succeed in getting the regression month list
2018-01-29 10:38:20,068 INFO:[ReturnDataPrep:get_symbols_lst:37] Succeed in getting the symbol list
2018-01-29 10:38:20,074 INFO:[ReturnDataPrep:get_reg_mo_lst:54] Succeed in getting the regression month list
2018-01-29 10:38:20,296 INFO:[ReturnDataPrep:get_symbols_lst:37] Succeed in getting the symbol list
2018-01-29 10:38:20,314 INFO:[ReturnDataPrep:get_reg_mo_lst:54] Succeed in getting the regression month list
2018-01-29 10:38:20,325 INFO:[ReturnDataPrep:get_Rf_wo_wknds:104] Succeed in getting the risk free return
2018-01-29 10:38:20,336 INFO:[ReturnDataPrep:get_Rm_wo_wknds:85] Succeed in getting market return
2018-01-29 10:38:20,342 INFO:[ReturnDataPrep:get_E_Rm_wo_wknds:142] Succeed in getting excess market return
2018-01-29 10:38:20,358 INFO:[ReturnDataPrep:get_Rf_wo_wknds:104] Succeed in getting the risk free return
2018-01-29 10:38:22,295 INFO:[ReturnDataPrep:get_Ri_wo_wknds:67] Succeed in getting the stock return
2018-01-29 10:38:22,605 INFO:[ReturnDataPrep:get_E_Ri_wo_wknds:126] Succeed in getting excess stock return
2018-01-29 10:38:22,637 INFO:[MiscDataPrep:get_m_stock_level_disp:39] Succeed in getting monthly stock-level dispersion
2018-01-29 10:38:23,023 INFO:[MiscDataPrep:get_monthly_mkt_cap:59] Succeed in getting monthly market capitalization
2018-01-29 10:38:25,354 INFO:[MiscDataPrep:get_monthly_vol:79] Succeed in monthly stock return volatility
2018-01-29 10:40:37,422 INFO:[ReturnDataPrep:get_reg_mo_lst:54] Succeed in getting the regression month list
2018-01-29 10:40:37,621 INFO:[ReturnDataPrep:get_symbols_lst:37] Succeed in getting the symbol list
2018-01-29 10:40:37,627 INFO:[ReturnDataPrep:get_reg_mo_lst:54] Succeed in getting the regression month list
2018-01-29 10:40:37,825 INFO:[ReturnDataPrep:get_symbols_lst:37] Succeed in getting the symbol list
2018-01-29 10:40:37,830 INFO:[ReturnDataPrep:get_reg_mo_lst:54] Succeed in getting the regression month list
2018-01-29 10:40:37,835 INFO:[ReturnDataPrep:get_Rf_wo_wknds:104] Succeed in getting the risk free return
2018-01-29 10:40:37,841 INFO:[ReturnDataPrep:get_Rm_wo_wknds:85] Succeed in getting market return
2018-01-29 10:40:37,843 INFO:[ReturnDataPrep:get_E_Rm_wo_wknds:142] Succeed in getting excess market return
2018-01-29 10:40:37,848 INFO:[ReturnDataPrep:get_Rf_wo_wknds:104] Succeed in getting the risk free return
2018-01-29 10:40:39,437 INFO:[ReturnDataPrep:get_Ri_wo_wknds:67] Succeed in getting the stock return
2018-01-29 10:40:39,730 INFO:[ReturnDataPrep:get_E_Ri_wo_wknds:126] Succeed in getting excess stock return
2018-01-29 10:40:39,763 INFO:[MiscDataPrep:get_m_stock_level_disp:39] Succeed in getting monthly stock-level dispersion
2018-01-29 10:40:40,132 INFO:[MiscDataPrep:get_monthly_mkt_cap:59] Succeed in getting monthly market capitalization
2018-01-29 10:40:42,457 INFO:[MiscDataPrep:get_monthly_vol:79] Succeed in monthly stock return volatility
